Determining if the pthread_create exist failed with the following output:
Change Dir: /media/dev/C++/cppgear/build/CMakeFiles/CMakeTmp

Run Build Command:"/usr/bin/make" "cmTC_b3ba7/fast"
/usr/bin/make -f CMakeFiles/cmTC_b3ba7.dir/build.make CMakeFiles/cmTC_b3ba7.dir/build
make[1]: Entering directory '/media/dev/C++/cppgear/build/CMakeFiles/CMakeTmp'
Building C object CMakeFiles/cmTC_b3ba7.dir/CheckSymbolExists.c.o
/usr/bin/cc     -o CMakeFiles/cmTC_b3ba7.dir/CheckSymbolExists.c.o   -c /media/dev/C++/cppgear/build/CMakeFiles/CMakeTmp/CheckSymbolExists.c
Linking C executable cmTC_b3ba7
/usr/bin/cmake -E cmake_link_script CMakeFiles/cmTC_b3ba7.dir/link.txt --verbose=1
/usr/bin/cc       CMakeFiles/cmTC_b3ba7.dir/CheckSymbolExists.c.o  -o cmTC_b3ba7 -rdynamic 
CMakeFiles/cmTC_b3ba7.dir/CheckSymbolExists.c.o: In function `main':
CheckSymbolExists.c:(.text+0x16): undefined reference to `pthread_create'
collect2: error: ld returned 1 exit status
make[1]: *** [CMakeFiles/cmTC_b3ba7.dir/build.make:98: cmTC_b3ba7] Error 1
make[1]: Leaving directory '/media/dev/C++/cppgear/build/CMakeFiles/CMakeTmp'
make: *** [Makefile:126: cmTC_b3ba7/fast] Error 2

File /media/dev/C++/cppgear/build/CMakeFiles/CMakeTmp/CheckSymbolExists.c:
/* */
#include <pthread.h>

int main(int argc, char** argv)
{
  (void)argv;
#ifndef pthread_create
  return ((int*)(&pthread_create))[argc];
#else
  (void)argc;
  return 0;
#endif
}

Determining if the function pthread_create exists in the pthreads failed with the following output:
Change Dir: /media/dev/C++/cppgear/build/CMakeFiles/CMakeTmp

Run Build Command:"/usr/bin/make" "cmTC_bd174/fast"
/usr/bin/make -f CMakeFiles/cmTC_bd174.dir/build.make CMakeFiles/cmTC_bd174.dir/build
make[1]: Entering directory '/media/dev/C++/cppgear/build/CMakeFiles/CMakeTmp'
Building C object CMakeFiles/cmTC_bd174.dir/CheckFunctionExists.c.o
/usr/bin/cc    -DCHECK_FUNCTION_EXISTS=pthread_create   -o CMakeFiles/cmTC_bd174.dir/CheckFunctionExists.c.o   -c /usr/share/cmake-3.6/Modules/CheckFunctionExists.c
Linking C executable cmTC_bd174
/usr/bin/cmake -E cmake_link_script CMakeFiles/cmTC_bd174.dir/link.txt --verbose=1
/usr/bin/cc   -DCHECK_FUNCTION_EXISTS=pthread_create    CMakeFiles/cmTC_bd174.dir/CheckFunctionExists.c.o  -o cmTC_bd174 -rdynamic -lpthreads 
/usr/bin/ld: cannot find -lpthreads
collect2: error: ld returned 1 exit status
make[1]: *** [CMakeFiles/cmTC_bd174.dir/build.make:98: cmTC_bd174] Error 1
make[1]: Leaving directory '/media/dev/C++/cppgear/build/CMakeFiles/CMakeTmp'
make: *** [Makefile:126: cmTC_bd174/fast] Error 2


